make --dry-run --always-make --keep-going --print-directory
make: Entering directory `/Users/vhovhann/Desktop/Push_swap'
mkdir -p obj/main
 
cc -Wall -Wextra -Werror  -Iinc -c src/alghorithm.c -o obj/main/alghorithm.o
cc -Wall -Wextra -Werror  -Iinc -c src/bonus_utils.c -o obj/main/bonus_utils.o
cc -Wall -Wextra -Werror  -Iinc -c src/butterfly.c -o obj/main/butterfly.o
cc -Wall -Wextra -Werror  -Iinc -c src/counter.c -o obj/main/counter.o
cc -Wall -Wextra -Werror  -Iinc -c src/fill_nodes.c -o obj/main/fill_nodes.o
cc -Wall -Wextra -Werror  -Iinc -c src/ft_free.c -o obj/main/ft_free.o
 
cc -Wall -Wextra -Werror  -Iinc -c src/ft_split.c -o obj/main/ft_split.o
cc -Wall -Wextra -Werror  -Iinc -c src/get_next_line_bonus.c -o obj/main/get_next_line_bonus.o
cc -Wall -Wextra -Werror  -Iinc -c src/get_next_line_utils.c -o obj/main/get_next_line_utils.o
cc -Wall -Wextra -Werror  -Iinc -c src/list_push.c -o obj/main/list_push.o
cc -Wall -Wextra -Werror  -Iinc -c src/list_revers_rotate.c -o obj/main/list_revers_rotate.o
 
cc -Wall -Wextra -Werror  -Iinc -c src/list_rotate.c -o obj/main/list_rotate.o
cc -Wall -Wextra -Werror  -Iinc -c src/list_swap.c -o obj/main/list_swap.o
cc -Wall -Wextra -Werror  -Iinc -c src/main.c -o obj/main/main.o
cc -Wall -Wextra -Werror  -Iinc -c src/panic.c -o obj/main/panic.o
cc -Wall -Wextra -Werror  -Iinc -c src/pars.c -o obj/main/pars.o
cc -Wall -Wextra -Werror  -Iinc -c src/pars2.c -o obj/main/pars2.o
cc -Wall -Wextra -Werror  -Iinc -c src/utils.c -o obj/main/utils.o
cc -Wall -Wextra -Werror  -Iinc -o push_swap  obj/main/alghorithm.o  obj/main/bonus_utils.o  obj/main/butterfly.o  obj/main/counter.o  obj/main/fill_nodes.o  obj/main/ft_free.o  obj/main/ft_split.o  obj/main/get_next_line_bonus.o  obj/main/get_next_line_utils.o  obj/main/list_push.o  obj/main/list_revers_rotate.o  obj/main/list_rotate.o  obj/main/list_swap.o  obj/main/main.o  obj/main/panic.o  obj/main/pars.o  obj/main/pars2.o  obj/main/utils.o
make: Leaving directory `/Users/vhovhann/Desktop/Push_swap'
 
