make all --print-data-base --no-builtin-variables --no-builtin-rules --question
# GNU Make 3.81
# Copyright (C) 2006  Free Software Foundation, Inc.
# This is free software; see the source for copying conditions.
# There is NO warranty; not even for MERCHANTABILITY or FITNESS FOR A
# PARTICULAR PURPOSE.

# This program built for i386-apple-darwin11.3.0
 

# Make data base, printed on Sat Jun  3 15:43:05 2023

# Variables

# automatic
<D = $(patsubst %/,%,$(dir $<))
# automatic
?F = $(notdir $?)
# environment
VSCODE_CRASH_REPORTER_PROCESS_TYPE = extensionHost
# makefile (from `Makefile', line 4)
SRC = $(wildcard src/*.c)
# automatic
?D = $(patsubst %/,%,$(dir $?))
# automatic
@D = $(patsubst %/,%,$(dir $@))
# automatic
@F = $(notdir $@)
# makefile
CURDIR := /Users/vhovhann/Desktop/Push_swap
# makefile (from `Makefile', line 6)
MK = mkdir
# makefile
SHELL = /bin/sh
# environment
VSCODE_NLS_CONFIG = {"locale":"en","availableLanguages":{"*":"ru"},"_languagePackId":"7f08953c04867e55490295da5e259c53.ru","_translationsConfigFile":"/Users/vhovhann/Library/Application Support/Code/clp/7f08953c04867e55490295da5e259c53.ru/tcf.json","_cacheRoot":"/Users/vhovhann/Library/Application Support/Code/clp/7f08953c04867e55490295da5e259c53.ru","_corruptedFile":"/Users/vhovhann/Library/Application Support/Code/clp/7f08953c04867e55490295da5e259c53.ru/corrupted.info","_resolvedLanguagePackCoreLocation":"/Users/vhovhann/Library/Application Support/Code/clp/7f08953c04867e55490295da5e259c53.ru/ee2b180d582a7f601fa6ecfdad8d9fd269ab1884","_languagePackSupport":true}
# environment
_ = /usr/bin/make
# makefile (from `Makefile', line 2)
CFLAGS = -Wall -Wextra -Werror 
# makefile (from `Makefile', line 1)
MAKEFILE_LIST :=  Makefile
# makefile (from `Makefile', line 7)
OBJS = $(patsubst src/%.c, $(OBJS_DIR)/%.o, $(SRC))
# environment
VSCODE_CWD = /
# environment
Apple_PubSub_Socket_Render = /private/tmp/com.apple.launchd.VwOjhj684P/Render
# environment
PATH = /usr/local/bin:/usr/bin:/bin:/usr/sbin:/sbin:/usr/local/munki
# environment
ELECTRON_RUN_AS_NODE = 1
# default
.FEATURES := target-specific order-only second-expansion else-if archives jobserver check-symlink
# environment
SSH_AUTH_SOCK = /private/tmp/com.apple.launchd.am2TLgBoJ7/Listeners
# automatic
%F = $(notdir $%)
# environment
PWD = /Users/vhovhann/Desktop/Push_swap
# environment
ORIGINAL_XDG_CURRENT_DESKTOP = undefined
# environment
VSCODE_AMD_ENTRYPOINT = vs/workbench/api/node/extensionHostProcess
# environment
HOME = /Users/vhovhann
# default
MAKEFILEPATH := /Applications/Xcode.app/Contents/Developer/Makefiles
# environment
VSCODE_CODE_CACHE_PATH = /Users/vhovhann/Library/Application Support/Code/CachedData/ee2b180d582a7f601fa6ecfdad8d9fd269ab1884
# environment
LOGNAME = vhovhann
# environment
APPLICATION_INSIGHTS_NO_DIAGNOSTIC_CHANNEL = 1
# environment
VSCODE_HANDLES_UNCAUGHT_ERRORS = true
# automatic
^D = $(patsubst %/,%,$(dir $^))
# environment
XPC_FLAGS = 0x0
# default
MAKE = $(MAKE_COMMAND)
# default
MAKECMDGOALS := all
# environment
SHLVL = 1
# makefile (from `Makefile', line 3)
CC = cc
# default
MAKE_VERSION := 3.81
# environment
USER = vhovhann
# makefile
.DEFAULT_GOAL := all
# makefile (from `Makefile', line 1)
NAME = push_swap
# automatic
%D = $(patsubst %/,%,$(dir $%))
# default
MAKE_COMMAND := /Applications/Xcode.app/Contents/Developer/usr/bin/make
# default
.VARIABLES := 
# environment
TMPDIR = /var/folders/zz/zyxvpxvq6csfxvn_n000chlm00344x/T/
# automatic
*F = $(notdir $*)
# environment
VSCODE_IPC_HOOK = /Users/vhovhann/Library/Application Support/Code/1.76-main.sock
# environment
MallocNanoZone = 0
# makefile
MAKEFLAGS = Rrqp
# environment
MFLAGS = -Rrqp
# automatic
*D = $(patsubst %/,%,$(dir $*))
# environment
XPC_SERVICE_NAME = com.microsoft.VSCode.2556
# makefile (from `Makefile', line 5)
OBJS_DIR = obj
# automatic
+D = $(patsubst %/,%,$(dir $+))
# environment
VSCODE_L10N_BUNDLE_LOCATION = file:///Users/vhovhann/.vscode/extensions/ms-ceintl.vscode-language-pack-ru-1.76.2023031509/translations/extensions/vscode.json-language-features.i18n.json
# automatic
+F = $(notdir $+)
# environment
__CF_USER_TEXT_ENCODING = 0x1909D:0x7:0x31
# default
MAKEFILES := 
# automatic
<F = $(notdir $<)
# environment
LC_ALL = C
# automatic
^F = $(notdir $^)
# default
SUFFIXES := 
# default
.INCLUDE_DIRS = /usr/local/include
# environment
MAKELEVEL := 0
# environment
LANG = C
# environment
VSCODE_PID = 1360
# variable set hash-table stats:
# Load=66/1024=6%, Rehash=0, Collisions=3/103=3%

# Pattern-specific Variable Values

# No pattern-specific variable values.

# Directories

# . (device 16777224, inode 1035560): 7 files, no impossibilities.
# ./src (device 16777224, inode 1029192): 17 files, no impossibilities.
# src (device 16777224, inode 1029192): 17 files, no impossibilities.

# 41 files, no impossibilities in 3 directories.

# Implicit Rules

obj/%.o: ./src/%.c | obj
#  commands to execute (from `Makefile', line 14):
	$(CC) $(CFLAGS) -c $< -o $@
	

# 1 implicit rules, 0 (0.0%) terminal.

# Files

# Not a target:
obj/pars.o:
#  Implicit rule search has not been done.
#  Modification time never checked.
#  File has not been updated.

all: push_swap
#  Phony target (prerequisite of .PHONY).
#  Command-line target.
#  Implicit rule search has not been done.
#  File does not exist.
#  File has been updated.
#  Needs to be updated (-q is set).
# variable set hash-table stats:
# Load=0/32=0%, Rehash=0, Collisions=0/4=0%

# Not a target:
obj/counter.o:
#  Implicit rule search has not been done.
#  Modification time never checked.
#  File has not been updated.

# Not a target:
obj/fill_nodes.o:
#  Implicit rule search has not been done.
#  Modification time never checked.
#  File has not been updated.

.PHONY: all clean fclean re
#  Implicit rule search has not been done.
#  Modification time never checked.
#  File has not been updated.

# Not a target:
src/alghorithm.c:
#  Implicit rule search has been done.
#  Last modified 2023-06-03 13:19:37
#  File has been updated.
#  Successfully updated.
# variable set hash-table stats:
# Load=0/32=0%, Rehash=0, Collisions=0/0=0%

# Not a target:
obj/main.o:
#  Implicit rule search has not been done.
#  Modification time never checked.
#  File has not been updated.

# Not a target:
.SUFFIXES:
#  Implicit rule search has not been done.
#  Modification time never checked.
#  File has not been updated.

# Not a target:
Makefile:
#  Implicit rule search has been done.
#  Last modified 2023-06-03 15:28:44
#  File has been updated.
#  Successfully updated.
# variable set hash-table stats:
# Load=0/32=0%, Rehash=0, Collisions=0/0=0%

test: push_swap
#  Implicit rule search has not been done.
#  Modification time never checked.
#  File has not been updated.
#  commands to execute (from `Makefile', line 31):
	$(eval ARG = $(shell jot -r 10000 0 200000000))
	./push_swap $(ARG) | ./checker $(ARG)
	@echo -n "Instructions: "
	@./push_swap $(ARG) | wc -l
	

# Not a target:
obj/list_push.o:
#  Implicit rule search has not been done.
#  Modification time never checked.
#  File has not been updated.

# Not a target:
obj/ft_free.o:
#  Implicit rule search has not been done.
#  Modification time never checked.
#  File has not been updated.

fclean: clean
#  Phony target (prerequisite of .PHONY).
#  Implicit rule search has not been done.
#  File does not exist.
#  File has not been updated.
#  commands to execute (from `Makefile', line 26):
	rm -rf $(NAME)
	

# Not a target:
obj/pars2.o:
#  Implicit rule search has not been done.
#  Modification time never checked.
#  File has not been updated.

obj:
#  Implicit rule search has not been done.
#  Implicit/static pattern stem: `'
#  File does not exist.
#  File has been updated.
#  Needs to be updated (-q is set).
# automatic
# @ := obj
# automatic
# % := 
# automatic
# * := 
# automatic
# + := 
# automatic
# | := 
# automatic
# < := 
# automatic
# ^ := 
# automatic
# ? := 
# variable set hash-table stats:
# Load=8/32=25%, Rehash=0, Collisions=3/12=25%
#  commands to execute (from `Makefile', line 20):
	@$(MK) -p $(OBJS_DIR)
	

# Not a target:
obj/ft_split.o:
#  Implicit rule search has not been done.
#  Modification time never checked.
#  File has not been updated.

# Not a target:
obj/butterfly.o:
#  Implicit rule search has not been done.
#  Modification time never checked.
#  File has not been updated.

# Not a target:
.DEFAULT:
#  Implicit rule search has not been done.
#  Modification time never checked.
#  File has not been updated.

# Not a target:
obj/list_swap.o:
 
#  Implicit rule search has not been done.
#  Modification time never checked.
#  File has not been updated.

# Not a target:
obj/panic.o:
#  Implicit rule search has not been done.
#  Modification time never checked.
#  File has not been updated.

# Not a target:
obj/list_rotate.o:
#  Implicit rule search has not been done.
#  Modification time never checked.
#  File has not been updated.

re: clean fclean all
#  Phony target (prerequisite of .PHONY).
#  Implicit rule search has not been done.
#  File does not exist.
#  File has not been updated.

clean:
#  Phony target (prerequisite of .PHONY).
#  Implicit rule search has not been done.
#  File does not exist.
#  File has not been updated.
#  commands to execute (from `Makefile', line 23):
	rm -rf $(OBJS_DIR)
	

# Not a target:
obj/utils.o:
#  Implicit rule search has not been done.
#  Modification time never checked.
#  File has not been updated.

push_swap: obj/alghorithm.o obj/butterfly.o obj/counter.o obj/fill_nodes.o obj/ft_free.o obj/ft_split.o obj/list_push.o obj/list_revers_rotate.o obj/list_rotate.o obj/list_swap.o obj/main.o obj/panic.o obj/pars.o obj/pars2.o obj/utils.o
#  Implicit rule search has not been done.
#  File does not exist.
#  File has been updated.
#  Needs to be updated (-q is set).
# variable set hash-table stats:
# Load=0/32=0%, Rehash=0, Collisions=0/4=0%
#  commands to execute (from `Makefile', line 17):
	@$(CC) $(CFLAGS) $(OBJS) -o $(NAME)
	

# Not a target:
obj/list_revers_rotate.o:
#  Implicit rule search has not been done.
#  Modification time never checked.
#  File has not been updated.

obj/alghorithm.o: src/alghorithm.c | obj
#  Implicit rule search has been done.
#  Implicit/static pattern stem: `alghorithm'
#  File does not exist.
#  File has been updated.
#  Needs to be updated (-q is set).
# variable set hash-table stats:
# Load=0/32=0%, Rehash=0, Collisions=0/4=0%
#  commands to execute (from `Makefile', line 14):
	$(CC) $(CFLAGS) -c $< -o $@
	

# files hash-table stats:
# Load=27/1024=3%, Rehash=0, Collisions=2/71=3%
# VPATH Search Paths

# No `vpath' search paths.

# No general (`VPATH' variable) search path.

# # of strings in strcache: 1
# # of strcache buffers: 1
# strcache size: total = 4096 / max = 4096 / min = 4096 / avg = 4096
# strcache free: total = 4087 / max = 4087 / min = 4087 / avg = 4087

# Finished Make data base on Sat Jun  3 15:43:05 2023

 
